Using pre-set license
Built from '2021.1/staging' branch; Version is '2021.1.19f1 (5f5eb8bbdc25) revision 6250168'; Using compiler version '192528614'; Build Type 'Release'
OS: 'Windows 10 Home; OS build 19044.1266; Version 2009; 64bit' Language: 'en' Physical Memory: 16315 MB
BatchMode: 1, IsHumanControllingUs: 0, StartBugReporterOnCrash: 0, Is64bit: 1, IsPro: 0

COMMAND LINE ARGUMENTS:
C:\Program Files\Unity\Hub\Editor\2021.1.19f1\Editor\Unity.exe
-adb2
-batchMode
-noUpm
-name
AssetImportWorker0
-projectPath
D:/Documents/GitHub/Chronophobia
-logFile
Logs/AssetImportWorker0.log
-srvPort
57401
Successfully changed project path to: D:/Documents/GitHub/Chronophobia
D:/Documents/GitHub/Chronophobia
Using Asset Import Pipeline V2.
Refreshing native plugins compatible for Editor in 115.74 ms, found 4 plugins.
Preloading 0 native plugins for Editor in 0.00 ms.
Initialize engine version: 2021.1.19f1 (5f5eb8bbdc25)
[Subsystems] Discovering subsystems at path C:/Program Files/Unity/Hub/Editor/2021.1.19f1/Editor/Data/Resources/UnitySubsystems
[Subsystems] Discovering subsystems at path D:/Documents/GitHub/Chronophobia/Assets
GfxDevice: creating device client; threaded=0; jobified=0
Direct3D:
    Version:  Direct3D 11.0 [level 11.1]
    Renderer: NVIDIA GeForce RTX 2060 SUPER (ID=0x1f47)
    Vendor:   NVIDIA
    VRAM:     8031 MB
    Driver:   30.0.14.7212
Initialize mono
Mono path[0] = 'C:/Program Files/Unity/Hub/Editor/2021.1.19f1/Editor/Data/Managed'
Mono path[1] = 'C:/Program Files/Unity/Hub/Editor/2021.1.19f1/Editor/Data/MonoBleedingEdge/lib/mono/unityjit'
Mono config path = 'C:/Program Files/Unity/Hub/Editor/2021.1.19f1/Editor/Data/MonoBleedingEdge/etc'
Using monoOptions --debugger-agent=transport=dt_socket,embedding=1,server=y,suspend=n,address=127.0.0.1:56924
Begin MonoManager ReloadAssembly
Registering precompiled unity dll's ...
Register platform support module: C:/Program Files/Unity/Hub/Editor/2021.1.19f1/Editor/Data/PlaybackEngines/WebGLSupport/UnityEditor.WebGL.Extensions.dll
Register platform support module: C:/Program Files/Unity/Hub/Editor/2021.1.19f1/Editor/Data/PlaybackEngines/WindowsStandaloneSupport/UnityEditor.WindowsStandalone.Extensions.dll
Registered in 0.002589 seconds.
Native extension for WindowsStandalone target not found
Native extension for WebGL target not found
Refreshing native plugins compatible for Editor in 120.42 ms, found 4 plugins.
Preloading 0 native plugins for Editor in 0.00 ms.
Mono: successfully reloaded assembly
- Completed reload, in  1.314 seconds
Domain Reload Profiling:
	ReloadAssembly (1314ms)
		BeginReloadAssembly (60ms)
			ExecutionOrderSort (0ms)
			DisableScriptedObjects (0ms)
			BackupInstance (0ms)
			ReleaseScriptingObjects (0ms)
			CreateAndSetChildDomain (1ms)
		EndReloadAssembly (489ms)
			LoadAssemblies (58ms)
			RebuildTransferFunctionScriptingTraits (0ms)
			SetupTypeCache (177ms)
			ReleaseScriptCaches (0ms)
			RebuildScriptCaches (27ms)
			SetupLoadedEditorAssemblies (243ms)
				LogAssemblyErrors (0ms)
				InitializePlatformSupportModulesInManaged (6ms)
				SetLoadedEditorAssemblies (0ms)
				RefreshPlugins (121ms)
				BeforeProcessingInitializeOnLoad (1ms)
				ProcessInitializeOnLoadAttributes (90ms)
				ProcessInitializeOnLoadMethodAttributes (25ms)
				AfterProcessingInitializeOnLoad (0ms)
				EditorAssembliesLoaded (0ms)
			ExecutionOrderSort2 (0ms)
			AwakeInstancesAfterBackupRestoration (0ms)
Platform modules already initialized, skipping
Registering precompiled user dll's ...
Registered in 0.003510 seconds.
Begin MonoManager ReloadAssembly
Symbol file LoadedFromMemory doesn't match image D:\Documents\GitHub\Chronophobia\Library\PackageCache\com.unity.visualscripting@1.6.1\Editor\VisualScripting.Core\Dependencies\YamlDotNet\Unity.VisualScripting.YamlDotNet.dll
Symbol file LoadedFromMemory doesn't match image D:\Documents\GitHub\Chronophobia\Library\PackageCache\com.unity.visualscripting@1.6.1\Editor\VisualScripting.Core\Dependencies\DotNetZip\Unity.VisualScripting.IonicZip.dll
Native extension for WindowsStandalone target not found
Native extension for WebGL target not found
Refreshing native plugins compatible for Editor in 127.11 ms, found 4 plugins.
Preloading 0 native plugins for Editor in 0.00 ms.
Mono: successfully reloaded assembly
- Completed reload, in  1.373 seconds
Domain Reload Profiling:
	ReloadAssembly (1374ms)
		BeginReloadAssembly (165ms)
			ExecutionOrderSort (0ms)
			DisableScriptedObjects (5ms)
			BackupInstance (0ms)
			ReleaseScriptingObjects (0ms)
			CreateAndSetChildDomain (18ms)
		EndReloadAssembly (1158ms)
			LoadAssemblies (90ms)
			RebuildTransferFunctionScriptingTraits (0ms)
			SetupTypeCache (408ms)
			ReleaseScriptCaches (1ms)
			RebuildScriptCaches (57ms)
			SetupLoadedEditorAssemblies (517ms)
				LogAssemblyErrors (0ms)
				InitializePlatformSupportModulesInManaged (4ms)
				SetLoadedEditorAssemblies (0ms)
				RefreshPlugins (127ms)
				BeforeProcessingInitializeOnLoad (114ms)
				ProcessInitializeOnLoadAttributes (253ms)
				ProcessInitializeOnLoadMethodAttributes (14ms)
				AfterProcessingInitializeOnLoad (5ms)
				EditorAssembliesLoaded (0ms)
			ExecutionOrderSort2 (0ms)
			AwakeInstancesAfterBackupRestoration (6ms)
Platform modules already initialized, skipping
========================================================================
Worker process is ready to serve import requests
Launched and connected shader compiler UnityShaderCompiler.exe after 0.09 seconds
Refreshing native plugins compatible for Editor in 0.83 ms, found 4 plugins.
Preloading 0 native plugins for Editor in 0.00 ms.
Unloading 4992 Unused Serialized files (Serialized files now loaded: 0)
System memory in use before: 190.0 MB.
System memory in use after: 190.4 MB.

Unloading 30 unused Assets to reduce memory usage. Loaded Objects now: 5438.
Total: 3.354200 ms (FindLiveObjects: 0.318200 ms CreateObjectMapping: 0.226800 ms MarkObjects: 2.701200 ms  DeleteObjects: 0.107400 ms)

AssetImportParameters requested are different than current active one (requested -> active):
  custom:framework-win-MediaFoundation: 216162199b28c13a410421893ffa2e32 -> 
  custom:video-decoder-ogg-theora: a1e56fd34408186e4bbccfd4996cb3dc -> 
  custom:container-muxer-webm: aa71ff27fc2769a1b78a27578f13a17b -> 
  custom:container-demuxer-webm: 4f35f7cbe854078d1ac9338744f61a02 -> 
  custom:container-demuxer-ogg: 62fdf1f143b41e24485cea50d1cbac27 -> 
  custom:video-encoder-webm-vp8: eb34c28f22e8b96e1ab97ce403110664 -> 
  custom:video-codec-MediaFoundation-h265: 746d11721c4dcdbdad8f713fa42b33f4 -> 
  custom:video-decoder-webm-vp8: 9c59270c3fd7afecdb556c50c9e8de78 -> 
  custom:audio-decoder-ogg-vorbis: bf7c407c2cedff20999df2af8eb42d56 -> 
  custom:audio-encoder-webm-vorbis: bf7c407c2cedff20999df2af8eb42d56 -> 
========================================================================
Received Import Request.
  path: Assets/Sounds
  artifactKey: Guid(56ceb03f967980e4db109f140b007191) Importer(815301076,1909f56bfc062723c751e8b465ee728b)
Start importing Assets/Sounds using Guid(56ceb03f967980e4db109f140b007191) Importer(815301076,1909f56bfc062723c751e8b465ee728b)  -> (artifact id: '722058628ee586c0c10e83e4d0bf2789') in 0.010802 seconds 
========================================================================
Received Import Request.
  Time since last request: 108.442641 seconds.
  path: Assets/Sounds/Assets_Sounds_ticking_slow2.mp3
  artifactKey: Guid(4f91c734a6e751747b61af91811ff752) Importer(815301076,1909f56bfc062723c751e8b465ee728b)
Start importing Assets/Sounds/Assets_Sounds_ticking_slow2.mp3 using Guid(4f91c734a6e751747b61af91811ff752) Importer(815301076,1909f56bfc062723c751e8b465ee728b)  -> (artifact id: '970347be3b0813af7ac8d2abce2a20af') in 0.077786 seconds 
========================================================================
Received Import Request.
  Time since last request: 3.764525 seconds.
  path: Assets/Sounds/Assets_Sounds_ticking_fast1.mp3
  artifactKey: Guid(741b1d23adec8724c89efe1231a9676d) Importer(815301076,1909f56bfc062723c751e8b465ee728b)
Start importing Assets/Sounds/Assets_Sounds_ticking_fast1.mp3 using Guid(741b1d23adec8724c89efe1231a9676d) Importer(815301076,1909f56bfc062723c751e8b465ee728b)  -> (artifact id: '213446e63e7f88c070fb6f4d72fb451c') in 0.014462 seconds 
========================================================================
Received Import Request.
  Time since last request: 10.007481 seconds.
  path: Assets/Sounds/ticking_fast1.mp3
  artifactKey: Guid(741b1d23adec8724c89efe1231a9676d) Importer(815301076,1909f56bfc062723c751e8b465ee728b)
Start importing Assets/Sounds/ticking_fast1.mp3 using Guid(741b1d23adec8724c89efe1231a9676d) Importer(815301076,1909f56bfc062723c751e8b465ee728b)  -> (artifact id: 'a743e865504f96f8d885340559393d1d') in 0.016102 seconds 
========================================================================
Received Import Request.
  Time since last request: 1.389780 seconds.
  path: Assets/Sounds/Assets_Sounds_ticking_slow1.mp3
  artifactKey: Guid(1839242a8dddb444eb1358559bff8a07) Importer(815301076,1909f56bfc062723c751e8b465ee728b)
Start importing Assets/Sounds/Assets_Sounds_ticking_slow1.mp3 using Guid(1839242a8dddb444eb1358559bff8a07) Importer(815301076,1909f56bfc062723c751e8b465ee728b)  -> (artifact id: '37ae05e0af23f3e772992eb7c5d45ccb') in 0.011215 seconds 
========================================================================
Received Import Request.
  Time since last request: 14.571380 seconds.
  path: Assets/Sounds/ticking_slow1.mp3
  artifactKey: Guid(1839242a8dddb444eb1358559bff8a07) Importer(815301076,1909f56bfc062723c751e8b465ee728b)
Start importing Assets/Sounds/ticking_slow1.mp3 using Guid(1839242a8dddb444eb1358559bff8a07) Importer(815301076,1909f56bfc062723c751e8b465ee728b)  -> (artifact id: '9f0d22d8a58c04ff4f9e7e36d05992f3') in 0.013849 seconds 
========================================================================
Received Import Request.
  Time since last request: 19.015469 seconds.
  path: Assets/Sounds/ticking_slow2.mp3
  artifactKey: Guid(4f91c734a6e751747b61af91811ff752) Importer(815301076,1909f56bfc062723c751e8b465ee728b)
Start importing Assets/Sounds/ticking_slow2.mp3 using Guid(4f91c734a6e751747b61af91811ff752) Importer(815301076,1909f56bfc062723c751e8b465ee728b)  -> (artifact id: '67a1ce57f8200e158ec0866772fd0d62') in 0.011028 seconds 
AssetImportWorkerClient::OnTransportError - code=2 error=End of file
